{"name": "Adding product to cart from home page", "status": "broken", "statusDetails": {"message": "selenium.common.exceptions.StaleElementReferenceException: Message: stale element reference: stale element not found in the current frame\n  (Session info: chrome=133.0.6943.142); For documentation on this error, please visit: https://www.selenium.dev/documentation/webdriver/troubleshooting/errors#stale-element-reference-exception\nStacktrace:\n\tGetHandleVerifier [0x00007FF71928C6A5+28789]\n\t(No symbol) [0x00007FF7191F5B20]\n\t(No symbol) [0x00007FF719088F9A]\n\t(No symbol) [0x00007FF7190909A9]\n\t(No symbol) [0x00007FF71909376C]\n\t(No symbol) [0x00007FF71909383F]\n\t(No symbol) [0x00007FF7190D8F86]\n\t(No symbol) [0x00007FF71910732A]\n\t(No symbol) [0x00007FF7190D1BC6]\n\t(No symbol) [0x00007FF719107540]\n\t(No symbol) [0x00007FF71912F7E3]\n\t(No symbol) [0x00007FF719107103]\n\t(No symbol) [0x00007FF7190CFFC0]\n\t(No symbol) [0x00007FF7190D1273]\n\tGetHandleVerifier [0x00007FF7195D1AED+3458237]\n\tGetHandleVerifier [0x00007FF7195E829C+3550316]\n\tGetHandleVerifier [0x00007FF7195DDB9D+3507565]\n\tGetHandleVerifier [0x00007FF719352C6A+841274]\n\t(No symbol) [0x00007FF7192009EF]\n\t(No symbol) [0x00007FF7191FCB34]\n\t(No symbol) [0x00007FF7191FCCD6]\n\t(No symbol) [0x00007FF7191EC119]\n\tBaseThreadInitThunk [0x00007FFF669EE8D7+23]\n\tRtlUserThreadStart [0x00007FFF686BBF2C+44]", "trace": "setup = <selenium.webdriver.chrome.webdriver.WebDriver (session=\"bccd5479fbcc886de12c748ead32a8ef\")>\n\n    @allure.id(10)\n    @allure.title(\"Adding product to cart from home page\")\n    @allure.feature(\"Add to cart\")\n    @allure.severity(allure.severity_level.CRITICAL)\n    @allure.description(\"Test to verify that product can be added to cart from home page.\")\n    def test_010(setup):\n        test_case_id=\"TC-010\"\n        browser=AddToCart(setup)\n        browser.ClickAddtoCart(location)\n>       browser.CartValidation(cart_info_location,empty_cart_message,test_case_id)\n\ntest\\unite\\test_cart_homepage.py:26: \n_ _ _ _ _ _ _ _ _ _ _ _ _ _ _ _ _ _ _ _ _ _ _ _ _ _ _ _ _ _ _ _ _ _ _ _ _ _ _ _\nbase\\home_page.py:100: in CartValidation\n    cart_info = self.driver.find_element(By.XPATH,CartInfoLocation).text.strip()\n.venv\\Lib\\site-packages\\selenium\\webdriver\\remote\\webelement.py:109: in text\n    return self._execute(Command.GET_ELEMENT_TEXT)[\"value\"]\n.venv\\Lib\\site-packages\\selenium\\webdriver\\remote\\webelement.py:572: in _execute\n    return self._parent.execute(command, params)\n.venv\\Lib\\site-packages\\selenium\\webdriver\\remote\\webdriver.py:429: in execute\n    self.error_handler.check_response(response)\n_ _ _ _ _ _ _ _ _ _ _ _ _ _ _ _ _ _ _ _ _ _ _ _ _ _ _ _ _ _ _ _ _ _ _ _ _ _ _ _\n\nself = <selenium.webdriver.remote.errorhandler.ErrorHandler object at 0x000001C31890F0E0>\nresponse = {'status': 404, 'value': '{\"value\":{\"error\":\"stale element reference\",\"message\":\"stale element reference: stale elemen...07FF7191EC119]\\\\n\\\\tBaseThreadInitThunk [0x00007FFF669EE8D7+23]\\\\n\\\\tRtlUserThreadStart [0x00007FFF686BBF2C+44]\\\\n\"}}'}\n\n    def check_response(self, response: Dict[str, Any]) -> None:\n        \"\"\"Checks that a JSON response from the WebDriver does not have an\n        error.\n    \n        :Args:\n         - response - The JSON response from the WebDriver server as a dictionary\n           object.\n    \n        :Raises: If the response contains an error message.\n        \"\"\"\n        status = response.get(\"status\", None)\n        if not status or status == ErrorCode.SUCCESS:\n            return\n        value = None\n        message = response.get(\"message\", \"\")\n        screen: str = response.get(\"screen\", \"\")\n        stacktrace = None\n        if isinstance(status, int):\n            value_json = response.get(\"value\", None)\n            if value_json and isinstance(value_json, str):\n                import json\n    \n                try:\n                    value = json.loads(value_json)\n                    if len(value) == 1:\n                        value = value[\"value\"]\n                    status = value.get(\"error\", None)\n                    if not status:\n                        status = value.get(\"status\", ErrorCode.UNKNOWN_ERROR)\n                        message = value.get(\"value\") or value.get(\"message\")\n                        if not isinstance(message, str):\n                            value = message\n                            message = message.get(\"message\")\n                    else:\n                        message = value.get(\"message\", None)\n                except ValueError:\n                    pass\n    \n        exception_class: Type[WebDriverException]\n        e = ErrorCode()\n        error_codes = [item for item in dir(e) if not item.startswith(\"__\")]\n        for error_code in error_codes:\n            error_info = getattr(ErrorCode, error_code)\n            if isinstance(error_info, list) and status in error_info:\n                exception_class = getattr(ExceptionMapping, error_code, WebDriverException)\n                break\n        else:\n            exception_class = WebDriverException\n    \n        if not value:\n            value = response[\"value\"]\n        if isinstance(value, str):\n            raise exception_class(value)\n        if message == \"\" and \"message\" in value:\n            message = value[\"message\"]\n    \n        screen = None  # type: ignore[assignment]\n        if \"screen\" in value:\n            screen = value[\"screen\"]\n    \n        stacktrace = None\n        st_value = value.get(\"stackTrace\") or value.get(\"stacktrace\")\n        if st_value:\n            if isinstance(st_value, str):\n                stacktrace = st_value.split(\"\\n\")\n            else:\n                stacktrace = []\n                try:\n                    for frame in st_value:\n                        line = frame.get(\"lineNumber\", \"\")\n                        file = frame.get(\"fileName\", \"<anonymous>\")\n                        if line:\n                            file = f\"{file}:{line}\"\n                        meth = frame.get(\"methodName\", \"<anonymous>\")\n                        if \"className\" in frame:\n                            meth = f\"{frame['className']}.{meth}\"\n                        msg = \"    at %s (%s)\"\n                        msg = msg % (meth, file)\n                        stacktrace.append(msg)\n                except TypeError:\n                    pass\n        if exception_class == UnexpectedAlertPresentException:\n            alert_text = None\n            if \"data\" in value:\n                alert_text = value[\"data\"].get(\"text\")\n            elif \"alert\" in value:\n                alert_text = value[\"alert\"].get(\"text\")\n            raise exception_class(message, screen, stacktrace, alert_text)  # type: ignore[call-arg]  # mypy is not smart enough here\n>       raise exception_class(message, screen, stacktrace)\nE       selenium.common.exceptions.StaleElementReferenceException: Message: stale element reference: stale element not found in the current frame\nE         (Session info: chrome=133.0.6943.142); For documentation on this error, please visit: https://www.selenium.dev/documentation/webdriver/troubleshooting/errors#stale-element-reference-exception\nE       Stacktrace:\nE       \tGetHandleVerifier [0x00007FF71928C6A5+28789]\nE       \t(No symbol) [0x00007FF7191F5B20]\nE       \t(No symbol) [0x00007FF719088F9A]\nE       \t(No symbol) [0x00007FF7190909A9]\nE       \t(No symbol) [0x00007FF71909376C]\nE       \t(No symbol) [0x00007FF71909383F]\nE       \t(No symbol) [0x00007FF7190D8F86]\nE       \t(No symbol) [0x00007FF71910732A]\nE       \t(No symbol) [0x00007FF7190D1BC6]\nE       \t(No symbol) [0x00007FF719107540]\nE       \t(No symbol) [0x00007FF71912F7E3]\nE       \t(No symbol) [0x00007FF719107103]\nE       \t(No symbol) [0x00007FF7190CFFC0]\nE       \t(No symbol) [0x00007FF7190D1273]\nE       \tGetHandleVerifier [0x00007FF7195D1AED+3458237]\nE       \tGetHandleVerifier [0x00007FF7195E829C+3550316]\nE       \tGetHandleVerifier [0x00007FF7195DDB9D+3507565]\nE       \tGetHandleVerifier [0x00007FF719352C6A+841274]\nE       \t(No symbol) [0x00007FF7192009EF]\nE       \t(No symbol) [0x00007FF7191FCB34]\nE       \t(No symbol) [0x00007FF7191FCCD6]\nE       \t(No symbol) [0x00007FF7191EC119]\nE       \tBaseThreadInitThunk [0x00007FFF669EE8D7+23]\nE       \tRtlUserThreadStart [0x00007FFF686BBF2C+44]\n\n.venv\\Lib\\site-packages\\selenium\\webdriver\\remote\\errorhandler.py:232: StaleElementReferenceException"}, "description": "Test to verify that product can be added to cart from home page.", "steps": [{"name": "Clicking on 'Add to cart' button on the product catalog from homepage", "status": "passed", "parameters": [{"name": "location", "value": "'//button[@onclick=\"cart.add('40');\"]'"}], "start": 1741704586031, "stop": 1741704586493}, {"name": "Verifying if the cart feature is working fine", "status": "broken", "statusDetails": {"message": "selenium.common.exceptions.StaleElementReferenceException: Message: stale element reference: stale element not found in the current frame\n  (Session info: chrome=133.0.6943.142); For documentation on this error, please visit: https://www.selenium.dev/documentation/webdriver/troubleshooting/errors#stale-element-reference-exception\nStacktrace:\n\tGetHandleVerifier [0x00007FF71928C6A5+28789]\n\t(No symbol) [0x00007FF7191F5B20]\n\t(No symbol) [0x00007FF719088F9A]\n\t(No symbol) [0x00007FF7190909A9]\n\t(No symbol) [0x00007FF71909376C]\n\t(No symbol) [0x00007FF71909383F]\n\t(No symbol) [0x00007FF7190D8F86]\n\t(No symbol) [0x00007FF71910732A]\n\t(No symbol) [0x00007FF7190D1BC6]\n\t(No symbol) [0x00007FF719107540]\n\t(No symbol) [0x00007FF71912F7E3]\n\t(No symbol) [0x00007FF719107103]\n\t(No symbol) [0x00007FF7190CFFC0]\n\t(No symbol) [0x00007FF7190D1273]\n\tGetHandleVerifier [0x00007FF7195D1AED+3458237]\n\tGetHandleVerifier [0x00007FF7195E829C+3550316]\n\tGetHandleVerifier [0x00007FF7195DDB9D+3507565]\n\tGetHandleVerifier [0x00007FF719352C6A+841274]\n\t(No symbol) [0x00007FF7192009EF]\n\t(No symbol) [0x00007FF7191FCB34]\n\t(No symbol) [0x00007FF7191FCCD6]\n\t(No symbol) [0x00007FF7191EC119]\n\tBaseThreadInitThunk [0x00007FFF669EE8D7+23]\n\tRtlUserThreadStart [0x00007FFF686BBF2C+44]\n\n", "trace": "  File \"C:\\Users\\pranj\\OneDrive\\Desktop\\Automation_Project_OpenCart\\.venv\\Lib\\site-packages\\allure_commons\\_allure.py\", line 192, in impl\n    return func(*a, **kw)\n  File \"C:\\Users\\pranj\\OneDrive\\Desktop\\Automation_Project_OpenCart\\base\\home_page.py\", line 100, in CartValidation\n    cart_info = self.driver.find_element(By.XPATH,CartInfoLocation).text.strip()\n                ^^^^^^^^^^^^^^^^^^^^^^^^^^^^^^^^^^^^^^^^^^^^^^^^^^^^^^^^\n  File \"C:\\Users\\pranj\\OneDrive\\Desktop\\Automation_Project_OpenCart\\.venv\\Lib\\site-packages\\selenium\\webdriver\\remote\\webelement.py\", line 109, in text\n    return self._execute(Command.GET_ELEMENT_TEXT)[\"value\"]\n           ~~~~~~~~~~~~~^^^^^^^^^^^^^^^^^^^^^^^^^^\n  File \"C:\\Users\\pranj\\OneDrive\\Desktop\\Automation_Project_OpenCart\\.venv\\Lib\\site-packages\\selenium\\webdriver\\remote\\webelement.py\", line 572, in _execute\n    return self._parent.execute(command, params)\n           ~~~~~~~~~~~~~~~~~~~~^^^^^^^^^^^^^^^^^\n  File \"C:\\Users\\pranj\\OneDrive\\Desktop\\Automation_Project_OpenCart\\.venv\\Lib\\site-packages\\selenium\\webdriver\\remote\\webdriver.py\", line 429, in execute\n    self.error_handler.check_response(response)\n    ~~~~~~~~~~~~~~~~~~~~~~~~~~~~~~~~~^^^^^^^^^^\n  File \"C:\\Users\\pranj\\OneDrive\\Desktop\\Automation_Project_OpenCart\\.venv\\Lib\\site-packages\\selenium\\webdriver\\remote\\errorhandler.py\", line 232, in check_response\n    raise exception_class(message, screen, stacktrace)\n"}, "parameters": [{"name": "CartInfoLocation", "value": "'(//span)[9]'"}, {"name": "EmptyCartMessage", "value": "'0 item(s) - $0.00'"}, {"name": "testCaseID", "value": "'TC-010'"}], "start": 1741704586493, "stop": 1741704587005}], "attachments": [{"name": "log", "source": "82d1b7e1-c47e-4b6e-922d-8452ae9136cb-attachment.txt", "type": "text/plain"}], "start": 1741704586030, "stop": 1741704587032, "uuid": "bdf91a6e-c242-426a-b7e3-2bafd961ad17", "historyId": "3fc2da0ba5407e3a684fbdf2c213dd75", "testCaseId": "3fc2da0ba5407e3a684fbdf2c213dd75", "fullName": "test.unite.test_cart_homepage#test_010", "labels": [{"name": "feature", "value": "Add to cart"}, {"name": "severity", "value": "critical"}, {"name": "as_id", "value": 10}, {"name": "parentSuite", "value": "test.unite"}, {"name": "suite", "value": "test_cart_homepage"}, {"name": "host", "value": "MSI"}, {"name": "thread", "value": "27152-MainThread"}, {"name": "framework", "value": "pytest"}, {"name": "language", "value": "cpython3"}, {"name": "package", "value": "test.unite.test_cart_homepage"}]}